<?xml version="1.0" encoding="UTF-8"?>
<testsuite name="BFSMazeTest" tests="11" skipped="0" failures="0" errors="0" timestamp="2023-11-26T22:30:35" hostname="DESKTOP-CUEL4S3" time="0.058">
  <properties/>
  <testcase name="inputsValidity()" classname="BFSMazeTest" time="0.012"/>
  <testcase name="input00()" classname="BFSMazeTest" time="0.009"/>
  <testcase name="input01()" classname="BFSMazeTest" time="0.001"/>
  <testcase name="input02()" classname="BFSMazeTest" time="0.002"/>
  <testcase name="input03()" classname="BFSMazeTest" time="0.002"/>
  <testcase name="input04()" classname="BFSMazeTest" time="0.002"/>
  <testcase name="input05()" classname="BFSMazeTest" time="0.002"/>
  <testcase name="input06()" classname="BFSMazeTest" time="0.003"/>
  <testcase name="input07()" classname="BFSMazeTest" time="0.002"/>
  <testcase name="input08()" classname="BFSMazeTest" time="0.006"/>
  <testcase name="input09()" classname="BFSMazeTest" time="0.012"/>
  <system-out><![CDATA[]]></system-out>
  <system-err><![CDATA[]]></system-err>
</testsuite>
